app/build/intermediates/manifest_merge_blame_file/release/processReleaseMainManifest/manifest-merger-blame-release-report.txt
1<?xml version="1.0" encoding="utf-8"?>
2<!--
3  File: app/src/main/AndroidManifest.xml
4  📌 App configuration and permissions
5  📌 Activities, services, receivers declaration
6  📌 AndroidX requirements
7-->
8<manifest xmlns:android="http://schemas.android.com/apk/res/android"
9    package="com.medical.fileprocessor"
10    android:versionCode="1"
11    android:versionName="1.0.0" >
12
13    <uses-sdk
14        android:minSdkVersion="26"
15        android:targetSdkVersion="35" />
16
17    <!--
18         ====================================================================
19         PERMISSIONS - Network & File Access
20         ====================================================================
21    -->
22
23
24    <!-- ✅ REQUIRED: Internet access for API calls -->
25    <uses-permission android:name="android.permission.INTERNET" />
25-->src\main\AndroidManifest.xml:16:5-67
25-->src\main\AndroidManifest.xml:16:22-64
26
27    <!-- ✅ REQUIRED: Check network state -->
28    <uses-permission android:name="android.permission.ACCESS_NETWORK_STATE" />
28-->src\main\AndroidManifest.xml:19:5-79
28-->src\main\AndroidManifest.xml:19:22-76
29
30    <!-- ✅ File access permissions -->
31    <!-- For Android 12 and below -->
32    <uses-permission
32-->src\main\AndroidManifest.xml:23:5-25:38
33        android:name="android.permission.READ_EXTERNAL_STORAGE"
33-->src\main\AndroidManifest.xml:24:9-64
34        android:maxSdkVersion="32" />
34-->src\main\AndroidManifest.xml:25:9-35
35
36    <!-- For Android 13+ -->
37    <uses-permission android:name="android.permission.READ_MEDIA_IMAGES" />
37-->src\main\AndroidManifest.xml:28:5-76
37-->src\main\AndroidManifest.xml:28:22-73
38    <uses-permission android:name="android.permission.READ_MEDIA_VIDEO" />
38-->src\main\AndroidManifest.xml:29:5-75
38-->src\main\AndroidManifest.xml:29:22-72
39    <uses-permission android:name="android.permission.READ_MEDIA_AUDIO" />
39-->src\main\AndroidManifest.xml:30:5-75
39-->src\main\AndroidManifest.xml:30:22-72
40
41    <!-- For Android 14+ Selected Photos Access -->
42    <uses-permission android:name="android.permission.READ_MEDIA_VISUAL_USER_SELECTED" />
42-->src\main\AndroidManifest.xml:33:5-90
42-->src\main\AndroidManifest.xml:33:22-87
43
44    <!-- Optional: Write to external storage (Android 10 and below) -->
45    <uses-permission
45-->src\main\AndroidManifest.xml:36:5-38:38
46        android:name="android.permission.WRITE_EXTERNAL_STORAGE"
46-->src\main\AndroidManifest.xml:37:9-65
47        android:maxSdkVersion="29" />
47-->src\main\AndroidManifest.xml:38:9-35
48
49    <!--
50         ====================================================================
51         FEATURES
52         ====================================================================
53    -->
54
55
56    <!-- Declare this app requires internet (optional but good practice) -->
57    <uses-feature
57-->src\main\AndroidManifest.xml:45:5-47:35
58        android:name="android.hardware.internet"
58-->src\main\AndroidManifest.xml:46:9-49
59        android:required="true" />
59-->src\main\AndroidManifest.xml:47:9-32
60
61    <uses-permission android:name="android.permission.WAKE_LOCK" />
61-->[com.google.android.gms:play-services-measurement:22.1.2] AndroidManifest.xml:25:5-68
61-->[com.google.android.gms:play-services-measurement:22.1.2] AndroidManifest.xml:25:22-65
62    <uses-permission android:name="com.google.android.finsky.permission.BIND_GET_INSTALL_REFERRER_SERVICE" />
62-->[com.google.android.gms:play-services-measurement:22.1.2] AndroidManifest.xml:26:5-110
62-->[com.google.android.gms:play-services-measurement:22.1.2] AndroidManifest.xml:26:22-107
63    <uses-permission android:name="com.google.android.gms.permission.AD_ID" />
63-->[com.google.android.gms:play-services-measurement-api:22.1.2] AndroidManifest.xml:25:5-79
63-->[com.google.android.gms:play-services-measurement-api:22.1.2] AndroidManifest.xml:25:22-76
64    <uses-permission android:name="android.permission.ACCESS_ADSERVICES_ATTRIBUTION" />
64-->[com.google.android.gms:play-services-measurement-api:22.1.2] AndroidManifest.xml:26:5-88
64-->[com.google.android.gms:play-services-measurement-api:22.1.2] AndroidManifest.xml:26:22-85
65    <uses-permission android:name="android.permission.ACCESS_ADSERVICES_AD_ID" />
65-->[com.google.android.gms:play-services-measurement-api:22.1.2] AndroidManifest.xml:27:5-82
65-->[com.google.android.gms:play-services-measurement-api:22.1.2] AndroidManifest.xml:27:22-79
66    <uses-permission android:name="com.google.android.providers.gsf.permission.READ_GSERVICES" />
66-->[com.google.android.recaptcha:recaptcha:18.5.1] AndroidManifest.xml:9:5-98
66-->[com.google.android.recaptcha:recaptcha:18.5.1] AndroidManifest.xml:9:22-95
67    <uses-permission android:name="android.permission.RECEIVE_BOOT_COMPLETED" />
67-->[androidx.work:work-runtime:2.10.0] AndroidManifest.xml:25:5-81
67-->[androidx.work:work-runtime:2.10.0] AndroidManifest.xml:25:22-78
68    <uses-permission android:name="android.permission.FOREGROUND_SERVICE" />
68-->[androidx.work:work-runtime:2.10.0] AndroidManifest.xml:26:5-77
68-->[androidx.work:work-runtime:2.10.0] AndroidManifest.xml:26:22-74
69
70    <permission
70-->[androidx.core:core:1.15.0] AndroidManifest.xml:22:5-24:47
71        android:name="com.medical.fileprocessor.DYNAMIC_RECEIVER_NOT_EXPORTED_PERMISSION"
71-->[androidx.core:core:1.15.0] AndroidManifest.xml:23:9-81
72        android:protectionLevel="signature" />
72-->[androidx.core:core:1.15.0] AndroidManifest.xml:24:9-44
73
74    <uses-permission android:name="com.medical.fileprocessor.DYNAMIC_RECEIVER_NOT_EXPORTED_PERMISSION" />
74-->[androidx.core:core:1.15.0] AndroidManifest.xml:26:5-97
74-->[androidx.core:core:1.15.0] AndroidManifest.xml:26:22-94
75    <!--
76 ====================================================================
77         APPLICATION CONFIGURATION
78         ====================================================================
79    -->
80    <application
80-->src\main\AndroidManifest.xml:53:5-145:19
81        android:name="com.medical.fileprocessor.MedicalProcessorApp"
81-->src\main\AndroidManifest.xml:54:9-44
82        android:allowBackup="false"
82-->src\main\AndroidManifest.xml:55:9-36
83        android:appComponentFactory="androidx.core.app.CoreComponentFactory"
83-->[androidx.core:core:1.15.0] AndroidManifest.xml:28:18-86
84        android:dataExtractionRules="@xml/data_extraction_rules"
84-->src\main\AndroidManifest.xml:56:9-65
85        android:extractNativeLibs="false"
86        android:fullBackupContent="@xml/backup_rules"
86-->src\main\AndroidManifest.xml:57:9-54
87        android:icon="@mipmap/ic_launcher"
87-->src\main\AndroidManifest.xml:58:9-43
88        android:label="@string/app_name"
88-->src\main\AndroidManifest.xml:59:9-41
89        android:networkSecurityConfig="@xml/network_security_config"
89-->src\main\AndroidManifest.xml:64:9-69
90        android:roundIcon="@mipmap/ic_launcher_round"
90-->src\main\AndroidManifest.xml:60:9-54
91        android:supportsRtl="true"
91-->src\main\AndroidManifest.xml:61:9-35
92        android:theme="@style/Theme.MedicalFileProcessor"
92-->src\main\AndroidManifest.xml:62:9-58
93        android:usesCleartextTraffic="true" >
93-->src\main\AndroidManifest.xml:63:9-44
94
95        <!--
96             ================================================================
97             MAIN ACTIVITY
98             ================================================================
99        -->
100        <!--
101          Entry point of the app
102          android:exported="true" required for API 31+
103          android:screenOrientation="portrait" forces portrait only
104        -->
105        <activity
105-->src\main\AndroidManifest.xml:75:9-89:20
106            android:name="com.medical.fileprocessor.MainActivity"
106-->src\main\AndroidManifest.xml:76:13-41
107            android:exported="true"
107-->src\main\AndroidManifest.xml:77:13-36
108            android:launchMode="singleTop"
108-->src\main\AndroidManifest.xml:78:13-43
109            android:screenOrientation="unspecified"
109-->src\main\AndroidManifest.xml:80:13-52
110            android:theme="@style/Theme.MedicalFileProcessor"
110-->src\main\AndroidManifest.xml:79:13-62
111            android:windowSoftInputMode="adjustResize" >
111-->src\main\AndroidManifest.xml:81:13-55
112
113            <!-- Intent filter: Makes this the launcher activity -->
114            <intent-filter>
114-->src\main\AndroidManifest.xml:84:13-87:29
115                <action android:name="android.intent.action.MAIN" />
115-->src\main\AndroidManifest.xml:85:17-69
115-->src\main\AndroidManifest.xml:85:25-66
116
117                <category android:name="android.intent.category.LAUNCHER" />
117-->src\main\AndroidManifest.xml:86:17-77
117-->src\main\AndroidManifest.xml:86:27-74
118            </intent-filter>
119        </activity>
120
121        <!--
122             ================================================================
123             BACKGROUND SERVICES (Optional - uncomment when needed)
124             ================================================================
125        -->
126        <!--
127          Example service for file upload in background
128          Uncomment when implementing background processing
129        -->
130        <!--
131             <service
132            android:name=".service.FileUploadService"
133            android:exported="false" />
134        -->
135
136
137        <!--
138             ================================================================
139             FILE PROVIDER (Optional - uncomment when needed)
140             ================================================================
141        -->
142        <!--
143          Share files securely with other apps
144          Uncomment when implementing file sharing
145        -->
146        <!--
147        <provider
148            android:name="androidx.core.content.FileProvider"
149            android:authorities="com.medical.fileprocessor.fileprovider"
150            android:exported="false">
151            <meta-data
152                android:name="android.support.FILE_PROVIDER_PATHS"
153                android:resource="@xml/file_paths" />
154        </provider>
155        -->
156
157
158        <!--
159             ================================================================
160             FIREBASE CONFIGURATION
161             ================================================================
162        -->
163        <!--
164          Firebase Cloud Messaging receiver
165          Handles push notifications
166          Uncomment if using Firebase Cloud Messaging
167        -->
168        <!--
169        <receiver
170            android:name="com.google.firebase.messaging.FirebaseMessagingService"
171            android:exported="false">
172            <intent-filter>
173                <action android:name="com.google.firebase.MESSAGING_EVENT" />
174            </intent-filter>
175        </receiver>
176        -->
177
178
179        <!--
180             ================================================================
181             OTHER METADATA
182             ================================================================
183        -->
184        <!--
185          Google Play Services version compatibility
186          Required for Firebase and other Google services
187        -->
188        <!--
189             <meta-data
190            android:name="com.google.android.gms.version"
191            android:value="@integer/google_play_services_version" />
192        -->
193
194        <activity
194-->[com.google.firebase:firebase-auth:23.1.0] AndroidManifest.xml:29:9-46:20
195            android:name="com.google.firebase.auth.internal.GenericIdpActivity"
195-->[com.google.firebase:firebase-auth:23.1.0] AndroidManifest.xml:30:13-80
196            android:excludeFromRecents="true"
196-->[com.google.firebase:firebase-auth:23.1.0] AndroidManifest.xml:31:13-46
197            android:exported="true"
197-->[com.google.firebase:firebase-auth:23.1.0] AndroidManifest.xml:32:13-36
198            android:launchMode="singleTask"
198-->[com.google.firebase:firebase-auth:23.1.0] AndroidManifest.xml:33:13-44
199            android:theme="@android:style/Theme.Translucent.NoTitleBar" >
199-->[com.google.firebase:firebase-auth:23.1.0] AndroidManifest.xml:34:13-72
200            <intent-filter>
200-->[com.google.firebase:firebase-auth:23.1.0] AndroidManifest.xml:35:13-45:29
201                <action android:name="android.intent.action.VIEW" />
201-->[com.google.firebase:firebase-auth:23.1.0] AndroidManifest.xml:36:17-69
201-->[com.google.firebase:firebase-auth:23.1.0] AndroidManifest.xml:36:25-66
202
203                <category android:name="android.intent.category.DEFAULT" />
203-->[com.google.firebase:firebase-auth:23.1.0] AndroidManifest.xml:38:17-76
203-->[com.google.firebase:firebase-auth:23.1.0] AndroidManifest.xml:38:27-73
204                <category android:name="android.intent.category.BROWSABLE" />
204-->[com.google.firebase:firebase-auth:23.1.0] AndroidManifest.xml:39:17-78
204-->[com.google.firebase:firebase-auth:23.1.0] AndroidManifest.xml:39:27-75
205
206                <data
206-->[com.google.firebase:firebase-auth:23.1.0] AndroidManifest.xml:41:17-44:51
207                    android:host="firebase.auth"
207-->[com.google.firebase:firebase-auth:23.1.0] AndroidManifest.xml:42:21-49
208                    android:path="/"
208-->[com.google.firebase:firebase-auth:23.1.0] AndroidManifest.xml:43:21-37
209                    android:scheme="genericidp" />
209-->[com.google.firebase:firebase-auth:23.1.0] AndroidManifest.xml:44:21-48
210            </intent-filter>
211        </activity>
212        <activity
212-->[com.google.firebase:firebase-auth:23.1.0] AndroidManifest.xml:47:9-64:20
213            android:name="com.google.firebase.auth.internal.RecaptchaActivity"
213-->[com.google.firebase:firebase-auth:23.1.0] AndroidManifest.xml:48:13-79
214            android:excludeFromRecents="true"
214-->[com.google.firebase:firebase-auth:23.1.0] AndroidManifest.xml:49:13-46
215            android:exported="true"
215-->[com.google.firebase:firebase-auth:23.1.0] AndroidManifest.xml:50:13-36
216            android:launchMode="singleTask"
216-->[com.google.firebase:firebase-auth:23.1.0] AndroidManifest.xml:51:13-44
217            android:theme="@android:style/Theme.Translucent.NoTitleBar" >
217-->[com.google.firebase:firebase-auth:23.1.0] AndroidManifest.xml:52:13-72
218            <intent-filter>
218-->[com.google.firebase:firebase-auth:23.1.0] AndroidManifest.xml:53:13-63:29
219                <action android:name="android.intent.action.VIEW" />
219-->[com.google.firebase:firebase-auth:23.1.0] AndroidManifest.xml:36:17-69
219-->[com.google.firebase:firebase-auth:23.1.0] AndroidManifest.xml:36:25-66
220
221                <category android:name="android.intent.category.DEFAULT" />
221-->[com.google.firebase:firebase-auth:23.1.0] AndroidManifest.xml:38:17-76
221-->[com.google.firebase:firebase-auth:23.1.0] AndroidManifest.xml:38:27-73
222                <category android:name="android.intent.category.BROWSABLE" />
222-->[com.google.firebase:firebase-auth:23.1.0] AndroidManifest.xml:39:17-78
222-->[com.google.firebase:firebase-auth:23.1.0] AndroidManifest.xml:39:27-75
223
224                <data
224-->[com.google.firebase:firebase-auth:23.1.0] AndroidManifest.xml:41:17-44:51
225                    android:host="firebase.auth"
225-->[com.google.firebase:firebase-auth:23.1.0] AndroidManifest.xml:42:21-49
226                    android:path="/"
226-->[com.google.firebase:firebase-auth:23.1.0] AndroidManifest.xml:43:21-37
227                    android:scheme="recaptcha" />
227-->[com.google.firebase:firebase-auth:23.1.0] AndroidManifest.xml:44:21-48
228            </intent-filter>
229        </activity>
230
231        <service
231-->[com.google.firebase:firebase-auth:23.1.0] AndroidManifest.xml:66:9-72:19
232            android:name="com.google.firebase.components.ComponentDiscoveryService"
232-->[com.google.firebase:firebase-auth:23.1.0] AndroidManifest.xml:67:13-84
233            android:directBootAware="true"
233-->[com.google.firebase:firebase-common:21.0.0] AndroidManifest.xml:32:13-43
234            android:exported="false" >
234-->[com.google.firebase:firebase-auth:23.1.0] AndroidManifest.xml:68:13-37
235            <meta-data
235-->[com.google.firebase:firebase-auth:23.1.0] AndroidManifest.xml:69:13-71:85
236                android:name="com.google.firebase.components:com.google.firebase.auth.FirebaseAuthRegistrar"
236-->[com.google.firebase:firebase-auth:23.1.0] AndroidManifest.xml:70:17-109
237                android:value="com.google.firebase.components.ComponentRegistrar" />
237-->[com.google.firebase:firebase-auth:23.1.0] AndroidManifest.xml:71:17-82
238            <meta-data
238-->[com.google.firebase:firebase-firestore:25.1.1] AndroidManifest.xml:17:13-19:85
239                android:name="com.google.firebase.components:com.google.firebase.firestore.FirebaseFirestoreKtxRegistrar"
239-->[com.google.firebase:firebase-firestore:25.1.1] AndroidManifest.xml:18:17-122
240                android:value="com.google.firebase.components.ComponentRegistrar" />
240-->[com.google.firebase:firebase-firestore:25.1.1] AndroidManifest.xml:19:17-82
241            <meta-data
241-->[com.google.firebase:firebase-firestore:25.1.1] AndroidManifest.xml:20:13-22:85
242                android:name="com.google.firebase.components:com.google.firebase.firestore.FirestoreRegistrar"
242-->[com.google.firebase:firebase-firestore:25.1.1] AndroidManifest.xml:21:17-111
243                android:value="com.google.firebase.components.ComponentRegistrar" />
243-->[com.google.firebase:firebase-firestore:25.1.1] AndroidManifest.xml:22:17-82
244            <meta-data
244-->[com.google.android.gms:play-services-measurement-api:22.1.2] AndroidManifest.xml:37:13-39:85
245                android:name="com.google.firebase.components:com.google.firebase.analytics.connector.internal.AnalyticsConnectorRegistrar"
245-->[com.google.android.gms:play-services-measurement-api:22.1.2] AndroidManifest.xml:38:17-139
246                android:value="com.google.firebase.components.ComponentRegistrar" />
246-->[com.google.android.gms:play-services-measurement-api:22.1.2] AndroidManifest.xml:39:17-82
247            <meta-data
247-->[com.google.firebase:firebase-crashlytics:19.3.0] AndroidManifest.xml:15:13-17:85
248                android:name="com.google.firebase.components:com.google.firebase.crashlytics.FirebaseCrashlyticsKtxRegistrar"
248-->[com.google.firebase:firebase-crashlytics:19.3.0] AndroidManifest.xml:16:17-126
249                android:value="com.google.firebase.components.ComponentRegistrar" />
249-->[com.google.firebase:firebase-crashlytics:19.3.0] AndroidManifest.xml:17:17-82
250            <meta-data
250-->[com.google.firebase:firebase-crashlytics:19.3.0] AndroidManifest.xml:18:13-20:85
251                android:name="com.google.firebase.components:com.google.firebase.crashlytics.CrashlyticsRegistrar"
251-->[com.google.firebase:firebase-crashlytics:19.3.0] AndroidManifest.xml:19:17-115
252                android:value="com.google.firebase.components.ComponentRegistrar" />
252-->[com.google.firebase:firebase-crashlytics:19.3.0] AndroidManifest.xml:20:17-82
253            <meta-data
253-->[com.google.firebase:firebase-storage:21.0.1] AndroidManifest.xml:30:13-32:85
254                android:name="com.google.firebase.components:com.google.firebase.storage.FirebaseStorageKtxRegistrar"
254-->[com.google.firebase:firebase-storage:21.0.1] AndroidManifest.xml:31:17-118
255                android:value="com.google.firebase.components.ComponentRegistrar" />
255-->[com.google.firebase:firebase-storage:21.0.1] AndroidManifest.xml:32:17-82
256            <meta-data
256-->[com.google.firebase:firebase-storage:21.0.1] AndroidManifest.xml:33:13-35:85
257                android:name="com.google.firebase.components:com.google.firebase.storage.StorageRegistrar"
257-->[com.google.firebase:firebase-storage:21.0.1] AndroidManifest.xml:34:17-107
258                android:value="com.google.firebase.components.ComponentRegistrar" />
258-->[com.google.firebase:firebase-storage:21.0.1] AndroidManifest.xml:35:17-82
259            <meta-data
259-->[com.google.firebase:firebase-sessions:2.0.7] AndroidManifest.xml:29:13-31:85
260                android:name="com.google.firebase.components:com.google.firebase.sessions.FirebaseSessionsRegistrar"
260-->[com.google.firebase:firebase-sessions:2.0.7] AndroidManifest.xml:30:17-117
261                android:value="com.google.firebase.components.ComponentRegistrar" />
261-->[com.google.firebase:firebase-sessions:2.0.7] AndroidManifest.xml:31:17-82
262            <meta-data
262-->[com.google.firebase:firebase-installations:18.0.0] AndroidManifest.xml:15:13-17:85
263                android:name="com.google.firebase.components:com.google.firebase.installations.FirebaseInstallationsKtxRegistrar"
263-->[com.google.firebase:firebase-installations:18.0.0] AndroidManifest.xml:16:17-130
264                android:value="com.google.firebase.components.ComponentRegistrar" />
264-->[com.google.firebase:firebase-installations:18.0.0] AndroidManifest.xml:17:17-82
265            <meta-data
265-->[com.google.firebase:firebase-installations:18.0.0] AndroidManifest.xml:18:13-20:85
266                android:name="com.google.firebase.components:com.google.firebase.installations.FirebaseInstallationsRegistrar"
266-->[com.google.firebase:firebase-installations:18.0.0] AndroidManifest.xml:19:17-127
267                android:value="com.google.firebase.components.ComponentRegistrar" />
267-->[com.google.firebase:firebase-installations:18.0.0] AndroidManifest.xml:20:17-82
268            <meta-data
268-->[com.google.firebase:firebase-appcheck:18.0.0] AndroidManifest.xml:25:13-27:85
269                android:name="com.google.firebase.components:com.google.firebase.appcheck.FirebaseAppCheckKtxRegistrar"
269-->[com.google.firebase:firebase-appcheck:18.0.0] AndroidManifest.xml:26:17-120
270                android:value="com.google.firebase.components.ComponentRegistrar" />
270-->[com.google.firebase:firebase-appcheck:18.0.0] AndroidManifest.xml:27:17-82
271            <meta-data
271-->[com.google.firebase:firebase-appcheck:18.0.0] AndroidManifest.xml:28:13-30:85
272                android:name="com.google.firebase.components:com.google.firebase.appcheck.FirebaseAppCheckRegistrar"
272-->[com.google.firebase:firebase-appcheck:18.0.0] AndroidManifest.xml:29:17-117
273                android:value="com.google.firebase.components.ComponentRegistrar" />
273-->[com.google.firebase:firebase-appcheck:18.0.0] AndroidManifest.xml:30:17-82
274            <meta-data
274-->[com.google.firebase:firebase-common-ktx:21.0.0] AndroidManifest.xml:12:13-14:85
275                android:name="com.google.firebase.components:com.google.firebase.ktx.FirebaseCommonLegacyRegistrar"
275-->[com.google.firebase:firebase-common-ktx:21.0.0] AndroidManifest.xml:13:17-116
276                android:value="com.google.firebase.components.ComponentRegistrar" />
276-->[com.google.firebase:firebase-common-ktx:21.0.0] AndroidManifest.xml:14:17-82
277            <meta-data
277-->[com.google.firebase:firebase-common:21.0.0] AndroidManifest.xml:35:13-37:85
278                android:name="com.google.firebase.components:com.google.firebase.FirebaseCommonKtxRegistrar"
278-->[com.google.firebase:firebase-common:21.0.0] AndroidManifest.xml:36:17-109
279                android:value="com.google.firebase.components.ComponentRegistrar" />
279-->[com.google.firebase:firebase-common:21.0.0] AndroidManifest.xml:37:17-82
280            <meta-data
280-->[com.google.firebase:firebase-datatransport:19.0.0] AndroidManifest.xml:25:13-27:85
281                android:name="com.google.firebase.components:com.google.firebase.datatransport.TransportRegistrar"
281-->[com.google.firebase:firebase-datatransport:19.0.0] AndroidManifest.xml:26:17-115
282                android:value="com.google.firebase.components.ComponentRegistrar" />
282-->[com.google.firebase:firebase-datatransport:19.0.0] AndroidManifest.xml:27:17-82
283        </service>
284
285        <receiver
285-->[com.google.android.gms:play-services-measurement:22.1.2] AndroidManifest.xml:29:9-33:20
286            android:name="com.google.android.gms.measurement.AppMeasurementReceiver"
286-->[com.google.android.gms:play-services-measurement:22.1.2] AndroidManifest.xml:30:13-85
287            android:enabled="true"
287-->[com.google.android.gms:play-services-measurement:22.1.2] AndroidManifest.xml:31:13-35
288            android:exported="false" >
288-->[com.google.android.gms:play-services-measurement:22.1.2] AndroidManifest.xml:32:13-37
289        </receiver>
290
291        <service
291-->[com.google.android.gms:play-services-measurement:22.1.2] AndroidManifest.xml:35:9-38:40
292            android:name="com.google.android.gms.measurement.AppMeasurementService"
292-->[com.google.android.gms:play-services-measurement:22.1.2] AndroidManifest.xml:36:13-84
293            android:enabled="true"
293-->[com.google.android.gms:play-services-measurement:22.1.2] AndroidManifest.xml:37:13-35
294            android:exported="false" />
294-->[com.google.android.gms:play-services-measurement:22.1.2] AndroidManifest.xml:38:13-37
295        <service
295-->[com.google.android.gms:play-services-measurement:22.1.2] AndroidManifest.xml:39:9-43:72
296            android:name="com.google.android.gms.measurement.AppMeasurementJobService"
296-->[com.google.android.gms:play-services-measurement:22.1.2] AndroidManifest.xml:40:13-87
297            android:enabled="true"
297-->[com.google.android.gms:play-services-measurement:22.1.2] AndroidManifest.xml:41:13-35
298            android:exported="false"
298-->[com.google.android.gms:play-services-measurement:22.1.2] AndroidManifest.xml:42:13-37
299            android:permission="android.permission.BIND_JOB_SERVICE" />
299-->[com.google.android.gms:play-services-measurement:22.1.2] AndroidManifest.xml:43:13-69
300
301        <property
301-->[com.google.android.gms:play-services-measurement-api:22.1.2] AndroidManifest.xml:30:9-32:61
302            android:name="android.adservices.AD_SERVICES_CONFIG"
302-->[com.google.android.gms:play-services-measurement-api:22.1.2] AndroidManifest.xml:31:13-65
303            android:resource="@xml/ga_ad_services_config" />
303-->[com.google.android.gms:play-services-measurement-api:22.1.2] AndroidManifest.xml:32:13-58
304
305        <service
305-->[androidx.credentials:credentials-play-services-auth:1.2.0-rc01] AndroidManifest.xml:24:9-32:19
306            android:name="androidx.credentials.playservices.CredentialProviderMetadataHolder"
306-->[androidx.credentials:credentials-play-services-auth:1.2.0-rc01] AndroidManifest.xml:25:13-94
307            android:enabled="true"
307-->[androidx.credentials:credentials-play-services-auth:1.2.0-rc01] AndroidManifest.xml:26:13-35
308            android:exported="false" >
308-->[androidx.credentials:credentials-play-services-auth:1.2.0-rc01] AndroidManifest.xml:27:13-37
309            <meta-data
309-->[androidx.credentials:credentials-play-services-auth:1.2.0-rc01] AndroidManifest.xml:29:13-31:104
310                android:name="androidx.credentials.CREDENTIAL_PROVIDER_KEY"
310-->[androidx.credentials:credentials-play-services-auth:1.2.0-rc01] AndroidManifest.xml:30:17-76
311                android:value="androidx.credentials.playservices.CredentialProviderPlayServicesImpl" />
311-->[androidx.credentials:credentials-play-services-auth:1.2.0-rc01] AndroidManifest.xml:31:17-101
312        </service>
313
314        <activity
314-->[androidx.credentials:credentials-play-services-auth:1.2.0-rc01] AndroidManifest.xml:34:9-41:20
315            android:name="androidx.credentials.playservices.HiddenActivity"
315-->[androidx.credentials:credentials-play-services-auth:1.2.0-rc01] AndroidManifest.xml:35:13-76
316            android:configChanges="orientation|screenSize|screenLayout|keyboardHidden"
316-->[androidx.credentials:credentials-play-services-auth:1.2.0-rc01] AndroidManifest.xml:36:13-87
317            android:enabled="true"
317-->[androidx.credentials:credentials-play-services-auth:1.2.0-rc01] AndroidManifest.xml:37:13-35
318            android:exported="false"
318-->[androidx.credentials:credentials-play-services-auth:1.2.0-rc01] AndroidManifest.xml:38:13-37
319            android:fitsSystemWindows="true"
319-->[androidx.credentials:credentials-play-services-auth:1.2.0-rc01] AndroidManifest.xml:39:13-45
320            android:theme="@style/Theme.Hidden" >
320-->[androidx.credentials:credentials-play-services-auth:1.2.0-rc01] AndroidManifest.xml:40:13-48
321        </activity>
322        <activity
322-->[com.google.android.gms:play-services-auth:20.7.0] AndroidManifest.xml:23:9-27:75
323            android:name="com.google.android.gms.auth.api.signin.internal.SignInHubActivity"
323-->[com.google.android.gms:play-services-auth:20.7.0] AndroidManifest.xml:24:13-93
324            android:excludeFromRecents="true"
324-->[com.google.android.gms:play-services-auth:20.7.0] AndroidManifest.xml:25:13-46
325            android:exported="false"
325-->[com.google.android.gms:play-services-auth:20.7.0] AndroidManifest.xml:26:13-37
326            android:theme="@android:style/Theme.Translucent.NoTitleBar" />
326-->[com.google.android.gms:play-services-auth:20.7.0] AndroidManifest.xml:27:13-72
327        <!--
328            Service handling Google Sign-In user revocation. For apps that do not integrate with
329            Google Sign-In, this service will never be started.
330        -->
331        <service
331-->[com.google.android.gms:play-services-auth:20.7.0] AndroidManifest.xml:33:9-37:51